2026-01-11T01:04:48.189+05:30  WARN 728 --- [BCVWorldPortal] [HikariPool-1 housekeeper] com.zaxxer.hikari.pool.HikariPool        : HikariPool-1 - Thread starvation or clock leap detected (housekeeper delta=1h11m28s181ms52µs400ns).
2026-01-11T08:03:04.744+05:30  WARN 728 --- [BCVWorldPortal] [HikariPool-1 housekeeper] com.zaxxer.hikari.pool.HikariPool        : HikariPool-1 - Thread starvation or clock leap detected (housekeeper delta=6h58m17s80ms397µs400ns).
2026-01-11T09:14:47.517+05:30  WARN 728 --- [BCVWorldPortal] [HikariPool-1 housekeeper] com.zaxxer.hikari.pool.HikariPool        : HikariPool-1 - Thread starvation or clock leap detected (housekeeper delta=7m10s584ms772µs).
2026-01-11T10:10:45.973+05:30  WARN 728 --- [BCVWorldPortal] [HikariPool-1 housekeeper] com.zaxxer.hikari.pool.HikariPool        : HikariPool-1 - Thread starvation or clock leap detected (housekeeper delta=51m28s363ms12µs800ns).
2026-01-11T10:33:42.716+05:30  WARN 728 --- [BCVWorldPortal] [HikariPool-1 housekeeper] com.zaxxer.hikari.pool.HikariPool        : HikariPool-1 - Thread starvation or clock leap detected (housekeeper delta=22m56s757ms260µs600ns).
2026-01-11T10:39:39.522+05:30  WARN 728 --- [BCVWorldPortal] [HikariPool-1 housekeeper] com.zaxxer.hikari.pool.HikariPool        : HikariPool-1 - Thread starvation or clock leap detected (housekeeper delta=1m26s722ms276µs500ns).
2026-01-11T10:53:27.883+05:30  WARN 728 --- [BCVWorldPortal] [HikariPool-1 housekeeper] com.zaxxer.hikari.pool.HikariPool        : HikariPool-1 - Thread starvation or clock leap detected (housekeeper delta=10m48s316ms994µs600ns).
2026-01-11T11:20:06.209+05:30  WARN 728 --- [BCVWorldPortal] [HikariPool-1 housekeeper] com.zaxxer.hikari.pool.HikariPool        : HikariPool-1 - Thread starvation or clock leap detected (housekeeper delta=24m8s299ms416µs700ns).
2026-01-11T11:54:00.874+05:30  WARN 728 --- [BCVWorldPortal] [HikariPool-1 housekeeper] com.zaxxer.hikari.pool.HikariPool        : HikariPool-1 - Thread starvation or clock leap detected (housekeeper delta=13m24s237ms161µs400ns).
2026-01-11T13:38:21.268+05:30  WARN 728 --- [BCVWorldPortal] [HikariPool-1 housekeeper] com.zaxxer.hikari.pool.HikariPool        : HikariPool-1 - Thread starvation or clock leap detected (housekeeper delta=1h17m49s829ms41µs300ns).
2026-01-11T13:39:21.522+05:30  INFO 728 --- [BCVWorldPortal] [RMI TCP Connection(217)-127.0.0.1] inMXBeanRegistrar$SpringApplicationAdmin : Application shutdown requested.
2026-01-11T13:39:22.524+05:30  INFO 728 --- [BCVWorldPortal] [RMI TCP Connection(217)-127.0.0.1] j.LocalContainerEntityManagerFactoryBean : Closing JPA EntityManagerFactory for persistence unit 'default'
2026-01-11T13:39:22.704+05:30  INFO 728 --- [BCVWorldPortal] [RMI TCP Connection(217)-127.0.0.1] com.zaxxer.hikari.HikariDataSource       : HikariPool-1 - Shutdown initiated...
2026-01-11T13:39:22.788+05:30  INFO 728 --- [BCVWorldPortal] [RMI TCP Connection(217)-127.0.0.1] com.zaxxer.hikari.HikariDataSource       : HikariPool-1 - Shutdown completed.
2026-01-11T13:39:31.285+05:30  INFO 40332 --- [BCVWorldPortal] [main] c.b.portal.BcvWorldPortalApplication     : Starting BcvWorldPortalApplication using Java 21.0.9 with PID 40332 (D:\BCVWorld.Portal\BCVWorldPortal\target\classes started by Bhagavan in D:\BCVWorld.Portal\BCVWorldPortal)
2026-01-11T13:39:31.287+05:30 DEBUG 40332 --- [BCVWorldPortal] [main] c.b.portal.BcvWorldPortalApplication     : Running with Spring Boot v3.2.1, Spring v6.1.2
2026-01-11T13:39:31.289+05:30  INFO 40332 --- [BCVWorldPortal] [main] c.b.portal.BcvWorldPortalApplication     : The following 1 profile is active: "prod"
2026-01-11T13:39:33.441+05:30  INFO 40332 --- [BCVWorldPortal] [main] .s.d.r.c.RepositoryConfigurationDelegate : Bootstrapping Spring Data JPA repositories in DEFAULT mode.
2026-01-11T13:39:33.639+05:30  INFO 40332 --- [BCVWorldPortal] [main] .s.d.r.c.RepositoryConfigurationDelegate : Finished Spring Data repository scanning in 180 ms. Found 10 JPA repository interfaces.
2026-01-11T13:39:35.101+05:30  INFO 40332 --- [BCVWorldPortal] [main] o.s.b.w.embedded.tomcat.TomcatWebServer  : Tomcat initialized with port 8081 (http)
2026-01-11T13:39:35.133+05:30  INFO 40332 --- [BCVWorldPortal] [main] o.apache.catalina.core.StandardService   : Starting service [Tomcat]
2026-01-11T13:39:35.133+05:30  INFO 40332 --- [BCVWorldPortal] [main] o.apache.catalina.core.StandardEngine    : Starting Servlet engine: [Apache Tomcat/10.1.17]
2026-01-11T13:39:35.379+05:30  INFO 40332 --- [BCVWorldPortal] [main] o.a.c.c.C.[Tomcat].[localhost].[/]       : Initializing Spring embedded WebApplicationContext
2026-01-11T13:39:35.380+05:30  INFO 40332 --- [BCVWorldPortal] [main] w.s.c.ServletWebServerApplicationContext : Root WebApplicationContext: initialization completed in 3971 ms
2026-01-11T13:39:35.526+05:30 DEBUG 40332 --- [BCVWorldPortal] [main] com.bcvworld.portal.JwtAuthFilter        : Filter 'jwtAuthFilter' configured for use
2026-01-11T13:39:35.877+05:30  INFO 40332 --- [BCVWorldPortal] [main] o.hibernate.jpa.internal.util.LogHelper  : HHH000204: Processing PersistenceUnitInfo [name: default]
2026-01-11T13:39:36.076+05:30  INFO 40332 --- [BCVWorldPortal] [main] org.hibernate.Version                    : HHH000412: Hibernate ORM core version 6.4.1.Final
2026-01-11T13:39:36.178+05:30  INFO 40332 --- [BCVWorldPortal] [main] o.h.c.internal.RegionFactoryInitiator    : HHH000026: Second-level cache disabled
2026-01-11T13:39:36.995+05:30  INFO 40332 --- [BCVWorldPortal] [main] o.s.o.j.p.SpringPersistenceUnitInfo      : No LoadTimeWeaver setup: ignoring JPA class transformer
2026-01-11T13:39:37.074+05:30  INFO 40332 --- [BCVWorldPortal] [main] com.zaxxer.hikari.HikariDataSource       : HikariPool-1 - Starting...
2026-01-11T13:39:37.710+05:30  INFO 40332 --- [BCVWorldPortal] [main] com.zaxxer.hikari.pool.HikariPool        : HikariPool-1 - Added connection com.mysql.cj.jdbc.ConnectionImpl@14485747
2026-01-11T13:39:37.716+05:30  INFO 40332 --- [BCVWorldPortal] [main] com.zaxxer.hikari.HikariDataSource       : HikariPool-1 - Start completed.
2026-01-11T13:39:37.911+05:30  WARN 40332 --- [BCVWorldPortal] [main] org.hibernate.orm.deprecation            : HHH90000025: MySQLDialect does not need to be specified explicitly using 'hibernate.dialect' (remove the property setting and it will be selected by default)
2026-01-11T13:39:41.170+05:30  INFO 40332 --- [BCVWorldPortal] [main] o.h.e.t.j.p.i.JtaPlatformInitiator       : HHH000489: No JTA platform available (set 'hibernate.transaction.jta.platform' to enable JTA platform integration)
2026-01-11T13:39:41.454+05:30 DEBUG 40332 --- [BCVWorldPortal] [main] org.hibernate.SQL                        : 
    alter table jobs 
       modify column details TEXT
2026-01-11T13:39:42.128+05:30  INFO 40332 --- [BCVWorldPortal] [main] j.LocalContainerEntityManagerFactoryBean : Initialized JPA EntityManagerFactory for persistence unit 'default'
2026-01-11T13:39:43.190+05:30  INFO 40332 --- [BCVWorldPortal] [main] o.s.d.j.r.query.QueryEnhancerFactory     : Hibernate is in classpath; If applicable, HQL parser will be used.
2026-01-11T13:39:45.157+05:30  WARN 40332 --- [BCVWorldPortal] [main] JpaBaseConfiguration$JpaWebConfiguration : spring.jpa.open-in-view is enabled by default. Therefore, database queries may be performed during view rendering. Explicitly configure spring.jpa.open-in-view to disable this warning
2026-01-11T13:39:45.736+05:30  INFO 40332 --- [BCVWorldPortal] [main] o.s.s.web.DefaultSecurityFilterChain     : Will secure any request with [org.springframework.security.web.session.DisableEncodeUrlFilter@174cd1a4, org.springframework.security.web.context.request.async.WebAsyncManagerIntegrationFilter@597cb2f5, org.springframework.security.web.context.SecurityContextHolderFilter@7988fd6e, org.springframework.security.web.header.HeaderWriterFilter@26338386, org.springframework.web.filter.CorsFilter@6fd14e7c, org.springframework.security.web.authentication.logout.LogoutFilter@1c1082d9, com.bcvworld.portal.JwtAuthFilter@546394ed, org.springframework.security.web.savedrequest.RequestCacheAwareFilter@47a363a8, org.springframework.security.web.servletapi.SecurityContextHolderAwareRequestFilter@632a1d4e, org.springframework.security.web.authentication.AnonymousAuthenticationFilter@17294e82, org.springframework.security.web.session.SessionManagementFilter@1dabeb92, org.springframework.security.web.access.ExceptionTranslationFilter@2e00032d, org.springframework.security.web.access.intercept.AuthorizationFilter@73c7a727]
2026-01-11T13:39:46.245+05:30  INFO 40332 --- [BCVWorldPortal] [main] o.s.b.w.embedded.tomcat.TomcatWebServer  : Tomcat started on port 8081 (http) with context path ''
2026-01-11T13:39:46.257+05:30  INFO 40332 --- [BCVWorldPortal] [main] c.b.portal.BcvWorldPortalApplication     : Started BcvWorldPortalApplication in 16.051 seconds (process running for 18.063)
2026-01-11T15:40:22.436+05:30  WARN 40332 --- [BCVWorldPortal] [HikariPool-1 housekeeper] com.zaxxer.hikari.pool.HikariPool        : HikariPool-1 - Thread starvation or clock leap detected (housekeeper delta=1h56m14s566ms239µs600ns).
